<?xml version="1.0" encoding="UTF-8"?>
<testsuite name="com.nordico.GreetingTest" tests="3" skipped="0" failures="0" errors="0" timestamp="2021-08-26T18:49:32" hostname="pal" time="0.018">
  <properties/>
  <testcase name="testHelloWorld2()" classname="com.nordico.GreetingTest" time="0.014"/>
  <testcase name="helloWorld()" classname="com.nordico.GreetingTest" time="0.001"/>
  <testcase name="testHelloWorld()" classname="com.nordico.GreetingTest" time="0.002"/>
  <system-out><![CDATA[I am only run once before all other methods...
Before each...
Hello Sam
After each...
Before each...
Hello World
After each...
Before each...
Hello Jarrod
After each...
I only run once after all other methods...
]]></system-out>
  <system-err><![CDATA[]]></system-err>
</testsuite>
